<?xml version="1.0" encoding="UTF-8"?>
<testng-results ignored="0" total="1" passed="1" failed="0" skipped="0">
  <reporter-output>
  </reporter-output>
  <suite started-at="2024-08-19T15:38:41 IST" name="Suite" finished-at="2024-08-19T15:39:12 IST" duration-ms="31202">
    <groups>
    </groups>
    <test started-at="2024-08-19T15:38:41 IST" name="loginTest" finished-at="2024-08-19T15:39:12 IST" duration-ms="31202">
      <class name="com.hybrid.bank.test.loginpagetest">
        <test-method is-config="true" signature="init_driver(org.testng.ITestContext)[pri:0, instance:com.hybrid.bank.test.loginpagetest@48ae9b55]" started-at="2024-08-19T15:38:41 IST" name="init_driver" finished-at="2024-08-19T15:39:09 IST" duration-ms="28116" status="PASS">
          <params>
            <param index="0">
              <value>
                <![CDATA[org.testng.TestRunner@747ddf94]]>
              </value>
            </param>
          </params>
          <reporter-output>
          </reporter-output>
        </test-method> <!-- init_driver -->
        <test-method signature="test()[pri:0, instance:com.hybrid.bank.test.loginpagetest@48ae9b55]" started-at="2024-08-19T15:39:09 IST" name="test" finished-at="2024-08-19T15:39:12 IST" duration-ms="2719" status="PASS">
          <reporter-output>
          </reporter-output>
        </test-method> <!-- test -->
        <test-method is-config="true" signature="close()[pri:0, instance:com.hybrid.bank.test.loginpagetest@48ae9b55]" started-at="2024-08-19T15:39:12 IST" name="close" finished-at="2024-08-19T15:39:12 IST" duration-ms="84" status="PASS">
          <reporter-output>
          </reporter-output>
        </test-method> <!-- close -->
      </class> <!-- com.hybrid.bank.test.loginpagetest -->
    </test> <!-- loginTest -->
  </suite> <!-- Suite -->
</testng-results>
