<?xml version="1.0" encoding="UTF-8"?>
<testng-results ignored="0" total="1" passed="1" failed="0" skipped="0">
  <reporter-output>
  </reporter-output>
  <suite started-at="2024-08-19T13:17:47 IST" name="Default suite" finished-at="2024-08-19T13:17:56 IST" duration-ms="8771">
    <groups>
    </groups>
    <test started-at="2024-08-19T13:17:47 IST" name="Default test" finished-at="2024-08-19T13:17:56 IST" duration-ms="8771">
      <class name="com.hybrid.bank.test.loginpagetest">
        <test-method is-config="true" signature="init_driver(org.testng.ITestContext)[pri:0, instance:com.hybrid.bank.test.loginpagetest@3a7442c7]" started-at="2024-08-19T13:17:47 IST" name="init_driver" finished-at="2024-08-19T13:17:54 IST" duration-ms="6800" status="PASS">
          <params>
            <param index="0">
              <value>
                <![CDATA[org.testng.TestRunner@444cc791]]>
              </value>
            </param>
          </params>
          <reporter-output>
          </reporter-output>
        </test-method> <!-- init_driver -->
        <test-method signature="test()[pri:0, instance:com.hybrid.bank.test.loginpagetest@3a7442c7]" started-at="2024-08-19T13:17:54 IST" name="test" finished-at="2024-08-19T13:17:55 IST" duration-ms="1591" status="PASS">
          <reporter-output>
          </reporter-output>
        </test-method> <!-- test -->
        <test-method is-config="true" signature="close()[pri:0, instance:com.hybrid.bank.test.loginpagetest@3a7442c7]" started-at="2024-08-19T13:17:56 IST" name="close" finished-at="2024-08-19T13:17:56 IST" duration-ms="80" status="PASS">
          <reporter-output>
          </reporter-output>
        </test-method> <!-- close -->
      </class> <!-- com.hybrid.bank.test.loginpagetest -->
    </test> <!-- Default test -->
  </suite> <!-- Default suite -->
</testng-results>
